#
# There is insufficient memory for the Java Runtime Environment to continue.
# Native memory allocation (mmap) failed to map 264241152 bytes. Error detail: G1 virtual space
# Possible reasons:
#   The system is out of physical RAM or swap space
#   This process is running with CompressedOops enabled, and the Java Heap may be blocking the growth of the native heap
# Possible solutions:
#   Reduce memory load on the system
#   Increase physical memory or swap space
#   Check if swap backing store is full
#   Decrease Java heap size (-Xmx/-Xms)
#   Decrease number of Java threads
#   Decrease Java thread stack sizes (-Xss)
#   Set larger code cache with -XX:ReservedCodeCacheSize=
#   JVM is running with Zero Based Compressed Oops mode in which the Java heap is
#     placed in the first 32GB address space. The Java Heap base address is the
#     maximum limit for the native heap growth. Please use -XX:HeapBaseMinAddress
#     to set the Java Heap base and to place the Java Heap above 32GB virtual address.
# This output file may be truncated or incomplete.
#
#  Out of Memory Error (os_windows.cpp:3703), pid=36604, tid=28076
#
# JRE version:  (23.0.1+11) (build )
# Java VM: Java HotSpot(TM) 64-Bit Server VM (23.0.1+11-39, mixed mode, sharing, tiered, compressed oops, compressed class ptrs, g1 gc, windows-amd64)
# No core dump will be written. Minidumps are not enabled by default on client versions of Windows
#

---------------  S U M M A R Y ------------

Command Line: -Dfile.encoding=UTF-8 -Djava.security.policy=applet.policy --module-path=C:\Users\asus\Desktop\bank management system\build\classes bank.management.system.SignupThree

Host: 12th Gen Intel(R) Core(TM) i5-12500H, 16 cores, 15G,  Windows 11 , 64 bit Build 26100 (10.0.26100.4202)
Time: Tue Jun 17 20:16:31 2025 India Standard Time elapsed time: 0.011035 seconds (0d 0h 0m 0s)

---------------  T H R E A D  ---------------

Current thread (0x000001d8be3895b0):  JavaThread "Unknown thread" [_thread_in_vm, id=28076, stack(0x000000949dc00000,0x000000949dd00000) (1024K)]

Stack: [0x000000949dc00000,0x000000949dd00000]
Native frames: (J=compiled Java code, j=interpreted, Vv=VM code, C=native code)
V  [jvm.dll+0x6e08b9]  (no source info available)
V  [jvm.dll+0x87dc83]  (no source info available)
V  [jvm.dll+0x88010e]  (no source info available)
V  [jvm.dll+0x8807e3]  (no source info available)
V  [jvm.dll+0x27aee6]  (no source info available)
V  [jvm.dll+0x6dd1c5]  (no source info available)
V  [jvm.dll+0x6d104a]  (no source info available)
V  [jvm.dll+0x35b3ea]  (no source info available)
V  [jvm.dll+0x3637f6]  (no source info available)
V  [jvm.dll+0x34fd5e]  (no source info available)
V  [jvm.dll+0x34fff8]  (no source info available)
V  [jvm.dll+0x3289cc]  (no source info available)
V  [jvm.dll+0x32966e]  (no source info available)
V  [jvm.dll+0x844355]  (no source info available)
V  [jvm.dll+0x3b9848]  (no source info available)
V  [jvm.dll+0x82d14c]  (no source info available)
V  [jvm.dll+0x454d4e]  (no source info available)
V  [jvm.dll+0x456bd1]  (no source info available)
C  [jli.dll+0x52a3]  (no source info available)
C  [ucrtbase.dll+0x37b0]  (no source info available)
C  [KERNEL32.DLL+0x2e8d7]  (no source info available)
C  [ntdll.dll+0x3c34c]  (no source info available)

Lock stack of current Java thread (top to bottom):


---------------  P R O C E S S  ---------------

Threads class SMR info:
_java_thread_list=0x00007ffd100e3618, length=0, elements={
}

Java Threads: ( => current thread )
Total: 0

Other Threads:
  0x000001d8be3f05c0 WorkerThread "GC Thread#0"                     [id=21020, stack(0x000000949dd00000,0x000000949de00000) (1024K)]
  0x000001d8be405eb0 ConcurrentGCThread "G1 Main Marker"            [id=17108, stack(0x000000949de00000,0x000000949df00000) (1024K)]
  0x000001d8be4069c0 WorkerThread "G1 Conc#0"                       [id=25420, stack(0x000000949df00000,0x000000949e000000) (1024K)]

[error occurred during error reporting (printing all threads), id 0xc0000005, EXCEPTION_ACCESS_VIOLATION (0xc0000005) at pc=0x00007ffd0f82bfba]
VM state: not at safepoint (not fully initialized)

VM Mutex/Monitor currently owned by a thread:  ([mutex/lock_event])
[0x00007ffd10163a10] Heap_lock - owner thread: 0x000001d8be3895b0

Heap address: 0x0000000705e00000, size: 4002 MB, Compressed Oops mode: Zero based, Oop shift amount: 3

CDS archive(s) mapped at: [0x0000000000000000-0x0000000000000000-0x0000000000000000), size 0, SharedBaseAddress: 0x0000000800000000, ArchiveRelocationMode: 1.
Narrow klass base: 0x0000000000000000, Narrow klass shift: 0, Narrow klass range: 0x0

GC Precious Log:
 CardTable entry size: 512
 Card Set container configuration: InlinePtr #cards 4 size 8 Array Of Cards #cards 16 size 48 Howl #buckets 8 coarsen threshold 3686 Howl Bitmap #cards 512 size 80 coarsen threshold 460 Card regions per heap region 1 cards per card region 4096

Heap:
 garbage-first heap   total reserved 4098048K, committed 0K, used 0K [0x0000000705e00000, 0x0000000800000000)
  region size 2048K, 0 young (0K), 0 survivors (0K)

[error occurred during error reporting (printing heap information), id 0xc0000005, EXCEPTION_ACCESS_VIOLATION (0xc0000005) at pc=0x00007ffd0fc2c3c9]
GC Heap History (0 events):
No events

Dll operation events (1 events):
Event: 0.007 Loaded shared library C:\Program Files\Java\jdk-23\bin\java.dll

Deoptimization events (0 events):
No events

Classes loaded (0 events):
No events

Classes unloaded (0 events):
No events

Classes redefined (0 events):
No events

Internal exceptions (0 events):
No events

VM Operations (0 events):
No events

Memory protections (0 events):
No events

Nmethod flushes (0 events):
No events

Events (0 events):
No events


Dynamic libraries:
0x00007ff6dad00000 - 0x00007ff6dad10000 	C:\Program Files\Java\jdk-23\bin\java.exe
0x00007ffddbf40000 - 0x00007ffddc1a5000 	C:\WINDOWS\SYSTEM32\ntdll.dll
0x00007ffddafc0000 - 0x00007ffddb089000 	C:\WINDOWS\System32\KERNEL32.DLL
0x00007ffdd9480000 - 0x00007ffdd9868000 	C:\WINDOWS\System32\KERNELBASE.dll
0x00007ffdd9a50000 - 0x00007ffdd9b9b000 	C:\WINDOWS\System32\ucrtbase.dll
0x00007ffdd3970000 - 0x00007ffdd3987000 	C:\Program Files\Java\jdk-23\bin\jli.dll
0x00007ffdc3190000 - 0x00007ffdc31ab000 	C:\Program Files\Java\jdk-23\bin\VCRUNTIME140.dll
0x00007ffdda030000 - 0x00007ffdda1fa000 	C:\WINDOWS\System32\USER32.dll
0x00007ffdd9210000 - 0x00007ffdd9237000 	C:\WINDOWS\System32\win32u.dll
0x00007ffdd9f00000 - 0x00007ffdd9f2b000 	C:\WINDOWS\System32\GDI32.dll
0x00007ffdbf960000 - 0x00007ffdbfbfa000 	C:\WINDOWS\WinSxS\amd64_microsoft.windows.common-controls_6595b64144ccf1df_6.0.26100.4202_none_3e0698d4e335f517\COMCTL32.dll
0x00007ffdd9ba0000 - 0x00007ffdd9cd7000 	C:\WINDOWS\System32\gdi32full.dll
0x00007ffddbe50000 - 0x00007ffddbef9000 	C:\WINDOWS\System32\msvcrt.dll
0x00007ffdd9910000 - 0x00007ffdd99b3000 	C:\WINDOWS\System32\msvcp_win.dll
0x00007ffddabc0000 - 0x00007ffddabf0000 	C:\WINDOWS\System32\IMM32.DLL
0x00007ffdc3180000 - 0x00007ffdc318c000 	C:\Program Files\Java\jdk-23\bin\vcruntime140_1.dll
0x00007ffdacda0000 - 0x00007ffdace2e000 	C:\Program Files\Java\jdk-23\bin\msvcp140.dll
0x00007ffd0f4f0000 - 0x00007ffd1023f000 	C:\Program Files\Java\jdk-23\bin\server\jvm.dll
0x00007ffddb2d0000 - 0x00007ffddb383000 	C:\WINDOWS\System32\ADVAPI32.dll
0x00007ffddb4a0000 - 0x00007ffddb546000 	C:\WINDOWS\System32\sechost.dll
0x00007ffdd9de0000 - 0x00007ffdd9ef5000 	C:\WINDOWS\System32\RPCRT4.dll
0x00007ffdda4d0000 - 0x00007ffdda544000 	C:\WINDOWS\System32\WS2_32.dll
0x00007ffdcdb60000 - 0x00007ffdcdb95000 	C:\WINDOWS\SYSTEM32\WINMM.dll
0x00007ffdd8d40000 - 0x00007ffdd8d9e000 	C:\WINDOWS\SYSTEM32\POWRPROF.dll
0x00007ffdc8250000 - 0x00007ffdc825b000 	C:\WINDOWS\SYSTEM32\VERSION.dll
0x00007ffdd8d20000 - 0x00007ffdd8d34000 	C:\WINDOWS\SYSTEM32\UMPDC.dll
0x00007ffdd7e50000 - 0x00007ffdd7e6b000 	C:\WINDOWS\SYSTEM32\kernel.appcore.dll
0x00007ffdc0bc0000 - 0x00007ffdc0bca000 	C:\Program Files\Java\jdk-23\bin\jimage.dll
0x00007ffdd67e0000 - 0x00007ffdd6a21000 	C:\WINDOWS\SYSTEM32\DBGHELP.DLL
0x00007ffddac00000 - 0x00007ffddaf85000 	C:\WINDOWS\System32\combase.dll
0x00007ffdda3e0000 - 0x00007ffdda4c1000 	C:\WINDOWS\System32\OLEAUT32.dll
0x00007ffdbde20000 - 0x00007ffdbde59000 	C:\WINDOWS\SYSTEM32\dbgcore.DLL
0x00007ffdd9870000 - 0x00007ffdd9909000 	C:\WINDOWS\System32\bcryptPrimitives.dll
0x00007ffdc3160000 - 0x00007ffdc317e000 	C:\Program Files\Java\jdk-23\bin\java.dll
0x00007ffddb550000 - 0x00007ffddb6ee000 	C:\WINDOWS\System32\ole32.dll
0x00007ffddb700000 - 0x00007ffddbe42000 	C:\WINDOWS\System32\SHELL32.dll
0x00007ffdd9090000 - 0x00007ffdd9204000 	C:\WINDOWS\System32\wintypes.dll

dbghelp: loaded successfully - version: 4.0.5 - missing functions: none
symbol engine: initialized successfully - sym options: 0x614 - pdb path: .;C:\Program Files\Java\jdk-23\bin;C:\WINDOWS\SYSTEM32;C:\WINDOWS\WinSxS\amd64_microsoft.windows.common-controls_6595b64144ccf1df_6.0.26100.4202_none_3e0698d4e335f517;C:\Program Files\Java\jdk-23\bin\server

VM Arguments:
jvm_args: -Dfile.encoding=UTF-8 -Djava.security.policy=applet.policy --module-path=C:\Users\asus\Desktop\bank management system\build\classes 
java_command: bank.management.system.SignupThree
java_class_path (initial): C:\Users\asus\Downloads\jcalendar-tz-1.3.3-4.jar;C:\Users\asus\Downloads\mysql-connector-j-9.3.0\mysql-connector-j-9.3.0\mysql-connector-j-9.3.0.jar;C:\Users\asus\Desktop\bank management system\build\classes
Launcher Type: SUN_STANDARD

[Global flags]
     intx CICompilerCount                          = 12                                        {product} {ergonomic}
     uint ConcGCThreads                            = 3                                         {product} {ergonomic}
     uint G1ConcRefinementThreads                  = 13                                        {product} {ergonomic}
   size_t G1HeapRegionSize                         = 2097152                                   {product} {ergonomic}
   size_t InitialHeapSize                          = 264241152                                 {product} {ergonomic}
   size_t MarkStackSize                            = 4194304                                   {product} {ergonomic}
   size_t MarkStackSizeMax                         = 536870912                                 {product} {ergonomic}
   size_t MaxHeapSize                              = 4196401152                                {product} {ergonomic}
   size_t MinHeapDeltaBytes                        = 2097152                                   {product} {ergonomic}
   size_t MinHeapSize                              = 8388608                                   {product} {ergonomic}
    uintx NonNMethodCodeHeapSize                   = 7602176                                {pd product} {ergonomic}
    uintx NonProfiledCodeHeapSize                  = 122093568                              {pd product} {ergonomic}
    uintx ProfiledCodeHeapSize                     = 121962496                              {pd product} {ergonomic}
    uintx ReservedCodeCacheSize                    = 251658240                              {pd product} {ergonomic}
     bool SegmentedCodeCache                       = true                                      {product} {ergonomic}
   size_t SoftMaxHeapSize                          = 4196401152                             {manageable} {ergonomic}
     bool UseCompressedOops                        = true                           {product lp64_product} {ergonomic}
     bool UseG1GC                                  = true                                      {product} {ergonomic}
     bool UseLargePagesIndividualAllocation        = false                                  {pd product} {ergonomic}

Logging:
Log output configuration:
 #0: stdout all=warning uptime,level,tags foldmultilines=false
 #1: stderr all=off uptime,level,tags foldmultilines=false

Environment Variables:
JAVA_HOME=C:\Program Files (x86)\Java\jdk-1.8\bin
PATH=c:\Users\asus\AppData\Local\Programs\cursor\resources\app\bin;C:\Program Files\Google\Chrome\Application;C:\Program Files\Common Files\Oracle\Java\javapath;C:\WINDOWS\system32;C:\WINDOWS;C:\WINDOWS\System32\Wbem;C:\WINDOWS\System32\WindowsPowerShell\v1.0\;C:\WINDOWS\System32\OpenSSH\;C:\Program Files\Java\jdk-23\bin;C:\Users\asus\AppData\Roaming\Microsoft\Windows\Start Menu\Programs\Anaconda3 (64-bit);C:\ProgramData\chocolatey\bin;C:\Program Files\nodejs;C:\Users\asus\AppData\Local\Programs\Python\Python312\Scripts\;C:\Users\asus\AppData\Local\Programs\Python\Python312\;C:\Program Files (x86)\Java\jdk-1.8\bin;C:\Users\asus\AppData\Local\Microsoft\WindowsApps;C:\Users\asus\AppData\Local\GitHubDesktop\bin;C:\ProgramData\asus\GitHubDesktop\bin;C:\Program Files\JetBrains\IntelliJ IDEA Community Edition 2024.3.1.1\bin;C:\Users\asus\AppData\Roaming\npm;C:\muftukmall;C:\Program Files\nodejs\;C:\Program Files\Git\cmd;C:\Program Files\MySQL\MySQL Server 8.0\bin;C:\Program Files\MySQL\MySQL Shell 8.0\bin\;C:\Users\asus;C:\Program Files\MySQL\MySQL Shell 8.0\bin\;C:\Users\asus\AppData\Local\Programs\Python\Python312\Scripts\;C:\Users\asus\AppData\Local\Programs\Python\Python312\;C:\Program Files (x86)\Java\jdk-1.8\bin;C:\Users\asus\AppData\Local\Programs\Microsoft VS Code\bin;C:\Users\asus\AppData\Local\Microsoft\WindowsApps;C:\Users\asus\AppData\Local\GitHubDesktop\bin;C:\ProgramData\asus\GitHubDesktop\bin;C:\Program Files\JetBrains\IntelliJ IDEA Community Edition 2024.3.1.1\bin;;C:\Users\asus\AppData\Roaming\npm;C:\Users\asus\AppData\Local\Programs\Windsurf\bin;C:\Users\asus\AppData\Local\Programs\mongosh\
USERNAME=asus
OS=Windows_NT
PROCESSOR_IDENTIFIER=Intel64 Family 6 Model 154 Stepping 3, GenuineIntel
TMP=C:\Users\asus\AppData\Local\Temp
TEMP=C:\Users\asus\AppData\Local\Temp




Periodic native trim disabled

---------------  S Y S T E M  ---------------

OS:
 Windows 11 , 64 bit Build 26100 (10.0.26100.4202)
OS uptime: 0 days 12:06 hours
Hyper-V role detected

CPU: total 16 (initial active 16) (8 cores per cpu, 2 threads per core) family 6 model 154 stepping 3 microcode 0x432, cx8, cmov, fxsr, ht, mmx, 3dnowpref, sse, sse2, sse3, ssse3, sse4.1, sse4.2, popcnt, lzcnt, tsc, tscinvbit, avx, avx2, aes, erms, clmul, bmi1, bmi2, adx, sha, fma, vzeroupper, clflush, clflushopt, clwb, hv, serialize, rdtscp, rdpid, fsrm, gfni, f16c, cet_ibt, cet_ss
Processor Information for processor 0
  Max Mhz: 2500, Current Mhz: 2500, Mhz Limit: 2500
Processor Information for processor 1
  Max Mhz: 2500, Current Mhz: 2500, Mhz Limit: 2500
Processor Information for processor 2
  Max Mhz: 2500, Current Mhz: 2500, Mhz Limit: 2500
Processor Information for processor 3
  Max Mhz: 2500, Current Mhz: 2500, Mhz Limit: 2500
Processor Information for processor 4
  Max Mhz: 2500, Current Mhz: 2500, Mhz Limit: 2500
Processor Information for processor 5
  Max Mhz: 2500, Current Mhz: 2500, Mhz Limit: 2500
Processor Information for processor 6
  Max Mhz: 2500, Current Mhz: 2500, Mhz Limit: 2500
Processor Information for processor 7
  Max Mhz: 2500, Current Mhz: 2500, Mhz Limit: 2500
Processor Information for processor 8
  Max Mhz: 2500, Current Mhz: 1800, Mhz Limit: 1800
Processor Information for processor 9
  Max Mhz: 2500, Current Mhz: 1800, Mhz Limit: 1800
Processor Information for processor 10
  Max Mhz: 2500, Current Mhz: 1800, Mhz Limit: 1800
Processor Information for processor 11
  Max Mhz: 2500, Current Mhz: 1800, Mhz Limit: 1800
Processor Information for processor 12
  Max Mhz: 2500, Current Mhz: 1800, Mhz Limit: 1800
Processor Information for processor 13
  Max Mhz: 2500, Current Mhz: 1500, Mhz Limit: 1800
Processor Information for processor 14
  Max Mhz: 2500, Current Mhz: 1800, Mhz Limit: 1800
Processor Information for processor 15
  Max Mhz: 2500, Current Mhz: 1800, Mhz Limit: 1800

Memory: 4k page, system-wide physical 16004M (965M free)
TotalPageFile size 65153M (AvailPageFile size 250M)
current process WorkingSet (physical memory assigned to process): 13M, peak: 13M
current process commit charge ("private bytes"): 71M, peak: 323M

vm_info: Java HotSpot(TM) 64-Bit Server VM (23.0.1+11-39) for windows-amd64 JRE (23.0.1+11-39), built on 2024-09-30T07:20:43Z with MS VC++ 17.6 (VS2022)

END.
